[LOG] System::create                           : Header version = 2.02.24. Current version = 2.02.24.
[LOG] Manager::init                            : maxchannels = 256 studioflags = 00000006 flags 00000000 extradriverdata 0x0.
[LOG] SystemI::init                            : Initialize version=20224 (146338), maxchannels=256, flags=0x00020000
[LOG] SystemI::setOutputInternal               : Setting output to 'FMOD Core Audio Output'
[LOG] OutputCoreAudio::init                    : Output running 2 channels at 48000Hz sample rate.
[LOG] OutputCoreAudio::init                    : Maximum hardware read size: 512 samples, Software buffer size: 512 samples, Number of software buffers: 4.
[LOG] Thread::initThread                       : Init FMOD stream thread. Affinity: 0x4000000000000003, Priority: 0xFFFF7FFB, Stack Size: 98304, Semaphore: No, Sleep Time: 10, Looping: Yes.
[LOG] Thread::initThread                       : Init FMOD mixer thread. Affinity: 0x4000000000000001, Priority: 0xFFFF7FFA, Stack Size: 81920, Semaphore: Yes, Sleep Time: 0, Looping: Yes.
[LOG] AsyncManager::init                       : manager 0x37e5b9608 isAsync 0 updatePeriod 0.02
[LOG] AsyncManager::init                       : done
[LOG] PlaybackSystem::init                     : 
[LOG] Thread::initThread                       : Init FMOD Studio sample load thread. Affinity: 0x4000000000000003, Priority: 0xFFFF7FFD, Stack Size: 98304, Semaphore: No, Sleep Time: 1, Looping: No.
[LOG] PlaybackSystem::init                     : done
[LOG] Thread::initThread                       : Init FMOD Studio bank load thread. Affinity: 0x4000000000000003, Priority: 0xFFFF7FFD, Stack Size: 98304, Semaphore: No, Sleep Time: 1, Looping: No.
[LOG] Manager::init                            : done.
[LOG] Manager::readBank                        : fileversion = 142, compatVersion = 140 (oldest = 44, newest = 142)
[LOG] Manager::readBank                        : fileversion = 142, compatVersion = 140 (oldest = 44, newest = 142)
[LOG] Manager::readBank                        : fileversion = 142, compatVersion = 140 (oldest = 44, newest = 142)
[LOG] Manager::readBank                        : fileversion = 142, compatVersion = 140 (oldest = 44, newest = 142)
[LOG] PlaybackSystem::acquireMasterBus         : Setting master channel group format to 6
[LOG] AsyncThread::add                         : add sound to async queue : soundi = 0x3d1760df8, queue head = 0x3a9894d28, queue count = 0
[LOG] AsyncThread::threadFunc                  : Starting Asynchronous operation on sound 0x3d1760df8
[LOG] AsyncThread::threadFunc                  : Finished Asynchronous operation on sound 0x3d1760df8
[LOG] SystemI::createSoundInternal             : Create name='', mode=0x02000202
[LOG] SystemI::createSoundInternal             : exinfo->cbsize             = 224
[LOG] SystemI::createSoundInternal             : exinfo->length             = 23083168
[LOG] SystemI::createSoundInternal             : exinfo->fileoffset         = 146560
[LOG] SystemI::createSoundInternal             : exinfo->numsubsounds       = 1
[LOG] SystemI::createSoundInternal             : exinfo->inclusionlist      = 0x35cdda7f4
[LOG] SystemI::createSoundInternal             : exinfo->inclusionlistnum   = 1
[LOG] SystemI::createSoundInternal             : exinfo->suggestedsoundtype = 5
[LOG] SystemI::createSoundInternal             : exinfo->useropen           = 0x3d1defb30
[LOG] SystemI::createSoundInternal             : exinfo->userclose          = 0x3d1defc00
[LOG] SystemI::createSoundInternal             : exinfo->userread           = 0x3d1defc3c
[LOG] SystemI::createSoundInternal             : exinfo->userseek           = 0x3d1defd0c
[LOG] SystemI::createSoundInternal             : exinfo->fileuserdata       = 0x404c14538
[LOG] SystemI::createSoundInternal             : exinfo->initialseekpostype = 1
[LOG] SystemI::DSPCodecPoolRegister            : register codec pool for pool type 5
[LOG] SystemI::createSoundInternal             : Sample 0/1: name='BP_SFX_Footstep_Hard_Snow_Left_1', format=5, channels=2, frequency=48000, lengthbytes=11424, lengthpcm=43200, pcmblocksize=0, loopstart=0, loopend=0, mode=0x00000000, channelmask=0x00000000, channelorder=0, peakvolume=0.655308.
[LOG] SystemI::createSoundInternal             : Create name='', mode=0x02000202
[LOG] SystemI::createSoundInternal             : exinfo->cbsize             = 224
[LOG] SystemI::createSoundInternal             : exinfo->length             = 23083168
[LOG] SystemI::createSoundInternal             : exinfo->fileoffset         = 146560
[LOG] SystemI::createSoundInternal             : exinfo->numsubsounds       = 1
[LOG] SystemI::createSoundInternal             : exinfo->inclusionlist      = 0x35cdda7f4
[LOG] SystemI::createSoundInternal             : exinfo->inclusionlistnum   = 1
[LOG] SystemI::createSoundInternal             : exinfo->suggestedsoundtype = 5
[LOG] SystemI::createSoundInternal             : exinfo->useropen           = 0x3d1defb30
[LOG] SystemI::createSoundInternal             : exinfo->userclose          = 0x3d1defc00
[LOG] SystemI::createSoundInternal             : exinfo->userread           = 0x3d1defc3c
[LOG] SystemI::createSoundInternal             : exinfo->userseek           = 0x3d1defd0c
[LOG] SystemI::createSoundInternal             : exinfo->fileuserdata       = 0x3cd81b6f8
[LOG] SystemI::createSoundInternal             : exinfo->initialseekpostype = 1
[LOG] SystemI::DSPCodecPoolRegister            : register codec pool for pool type 5
[LOG] SystemI::createSoundInternal             : Sample 0/1: name='BP_SFX_Footstep_Hard_Snow_Left_2', format=5, channels=2, frequency=48000, lengthbytes=7968, lengthpcm=33600, pcmblocksize=0, loopstart=0, loopend=0, mode=0x00000000, channelmask=0x00000000, channelorder=0, peakvolume=0.471743.
[LOG] SystemI::createSoundInternal             : Create name='', mode=0x02000202
[LOG] SystemI::createSoundInternal             : exinfo->cbsize             = 224
[LOG] SystemI::createSoundInternal             : exinfo->length             = 23083168
[LOG] SystemI::createSoundInternal             : exinfo->fileoffset         = 146560
[LOG] SystemI::createSoundInternal             : exinfo->numsubsounds       = 1
[LOG] SystemI::createSoundInternal             : exinfo->inclusionlist      = 0x35cdda7f4
[LOG] SystemI::createSoundInternal             : exinfo->inclusionlistnum   = 1
[LOG] SystemI::createSoundInternal             : exinfo->suggestedsoundtype = 5
[LOG] SystemI::createSoundInternal             : exinfo->useropen           = 0x3d1defb30
[LOG] SystemI::createSoundInternal             : exinfo->userclose          = 0x3d1defc00
[LOG] SystemI::createSoundInternal             : exinfo->userread           = 0x3d1defc3c
[LOG] SystemI::createSoundInternal             : exinfo->userseek           = 0x3d1defd0c
[LOG] SystemI::createSoundInternal             : exinfo->fileuserdata       = 0x3ea306c58
[LOG] SystemI::createSoundInternal             : exinfo->initialseekpostype = 1
[LOG] SystemI::DSPCodecPoolRegister            : register codec pool for pool type 5
[LOG] SystemI::createSoundInternal             : Sample 0/1: name='BP_SFX_Footstep_Hard_Snow_Right_1', format=5, channels=2, frequency=48000, lengthbytes=8992, lengthpcm=38400, pcmblocksize=0, loopstart=0, loopend=0, mode=0x00000000, channelmask=0x00000000, channelorder=0, peakvolume=0.352082.
[LOG] SystemI::createSoundInternal             : Create name='', mode=0x02000202
[LOG] SystemI::createSoundInternal             : exinfo->cbsize             = 224
[LOG] SystemI::createSoundInternal             : exinfo->length             = 23083168
[LOG] SystemI::createSoundInternal             : exinfo->fileoffset         = 146560
[LOG] SystemI::createSoundInternal             : exinfo->numsubsounds       = 1
[LOG] SystemI::createSoundInternal             : exinfo->inclusionlist      = 0x35cdda7f4
[LOG] SystemI::createSoundInternal             : exinfo->inclusionlistnum   = 1
[LOG] SystemI::createSoundInternal             : exinfo->suggestedsoundtype = 5
[LOG] SystemI::createSoundInternal             : exinfo->useropen           = 0x3d1defb30
[LOG] SystemI::createSoundInternal             : exinfo->userclose          = 0x3d1defc00
[LOG] SystemI::createSoundInternal             : exinfo->userread           = 0x3d1defc3c
[LOG] SystemI::createSoundInternal             : exinfo->userseek           = 0x3d1defd0c
[LOG] SystemI::createSoundInternal             : exinfo->fileuserdata       = 0x352238c38
[LOG] SystemI::createSoundInternal             : exinfo->initialseekpostype = 1
[LOG] SystemI::DSPCodecPoolRegister            : register codec pool for pool type 5
[LOG] SystemI::createSoundInternal             : Sample 0/1: name='BP_SFX_Footstep_Hard_Snow_Left_3', format=5, channels=2, frequency=48000, lengthbytes=9248, lengthpcm=38400, pcmblocksize=0, loopstart=0, loopend=0, mode=0x00000000, channelmask=0x00000000, channelorder=0, peakvolume=0.346671.
[LOG] SystemI::createSoundInternal             : Create name='', mode=0x02000202
[LOG] SystemI::createSoundInternal             : exinfo->cbsize             = 224
[LOG] SystemI::createSoundInternal             : exinfo->length             = 23083168
[LOG] SystemI::createSoundInternal             : exinfo->fileoffset         = 146560
[LOG] SystemI::createSoundInternal             : exinfo->numsubsounds       = 1
[LOG] SystemI::createSoundInternal             : exinfo->inclusionlist      = 0x35cdda7f4
[LOG] SystemI::createSoundInternal             : exinfo->inclusionlistnum   = 1
[LOG] SystemI::createSoundInternal             : exinfo->suggestedsoundtype = 5
[LOG] SystemI::createSoundInternal             : exinfo->useropen           = 0x3d1defb30
[LOG] SystemI::createSoundInternal             : exinfo->userclose          = 0x3d1defc00
[LOG] SystemI::createSoundInternal             : exinfo->userread           = 0x3d1defc3c
[LOG] SystemI::createSoundInternal             : exinfo->userseek           = 0x3d1defd0c
[LOG] SystemI::createSoundInternal             : exinfo->fileuserdata       = 0x3d7fc8b48
[LOG] SystemI::createSoundInternal             : exinfo->initialseekpostype = 1
[LOG] SystemI::DSPCodecPoolRegister            : register codec pool for pool type 5
[LOG] SystemI::createSoundInternal             : Sample 0/1: name='BP_SFX_Footstep_Hard_Snow_Left_4', format=5, channels=2, frequency=48000, lengthbytes=9728, lengthpcm=38400, pcmblocksize=0, loopstart=0, loopend=0, mode=0x00000000, channelmask=0x00000000, channelorder=0, peakvolume=0.285665.
[LOG] SystemI::createSoundInternal             : Create name='', mode=0x02000202
[LOG] SystemI::createSoundInternal             : exinfo->cbsize             = 224
[LOG] SystemI::createSoundInternal             : exinfo->length             = 23083168
[LOG] SystemI::createSoundInternal             : exinfo->fileoffset         = 146560
[LOG] SystemI::createSoundInternal             : exinfo->numsubsounds       = 1
[LOG] SystemI::createSoundInternal             : exinfo->inclusionlist      = 0x35cdda7f4
[LOG] SystemI::createSoundInternal             : exinfo->inclusionlistnum   = 1
[LOG] SystemI::createSoundInternal             : exinfo->suggestedsoundtype = 5
[LOG] SystemI::createSoundInternal             : exinfo->useropen           = 0x3d1defb30
[LOG] SystemI::createSoundInternal             : exinfo->userclose          = 0x3d1defc00
[LOG] SystemI::createSoundInternal             : exinfo->userread           = 0x3d1defc3c
[LOG] SystemI::createSoundInternal             : exinfo->userseek           = 0x3d1defd0c
[LOG] SystemI::createSoundInternal             : exinfo->fileuserdata       = 0x3ea393b38
[LOG] SystemI::createSoundInternal             : exinfo->initialseekpostype = 1
[LOG] SystemI::DSPCodecPoolRegister            : register codec pool for pool type 5
[LOG] SystemI::createSoundInternal             : Sample 0/1: name='BP_SFX_Footstep_Hard_Snow_Right_2', format=5, channels=2, frequency=48000, lengthbytes=11584, lengthpcm=49200, pcmblocksize=0, loopstart=0, loopend=0, mode=0x00000000, channelmask=0x00000000, channelorder=0, peakvolume=0.168780.
[LOG] SystemI::createSoundInternal             : Create name='', mode=0x02000202
[LOG] SystemI::createSoundInternal             : exinfo->cbsize             = 224
[LOG] SystemI::createSoundInternal             : exinfo->length             = 23083168
[LOG] SystemI::createSoundInternal             : exinfo->fileoffset         = 146560
[LOG] SystemI::createSoundInternal             : exinfo->numsubsounds       = 1
[LOG] SystemI::createSoundInternal             : exinfo->inclusionlist      = 0x35cdda7f4
[LOG] SystemI::createSoundInternal             : exinfo->inclusionlistnum   = 1
[LOG] SystemI::createSoundInternal             : exinfo->suggestedsoundtype = 5
[LOG] SystemI::createSoundInternal             : exinfo->useropen           = 0x3d1defb30
[LOG] SystemI::createSoundInternal             : exinfo->userclose          = 0x3d1defc00
[LOG] SystemI::createSoundInternal             : exinfo->userread           = 0x3d1defc3c
[LOG] SystemI::createSoundInternal             : exinfo->userseek           = 0x3d1defd0c
[LOG] SystemI::createSoundInternal             : exinfo->fileuserdata       = 0x3ea393f68
[LOG] SystemI::createSoundInternal             : exinfo->initialseekpostype = 1
[LOG] SystemI::DSPCodecPoolRegister            : register codec pool for pool type 5
[LOG] SystemI::createSoundInternal             : Sample 0/1: name='BP_SFX_Footstep_Hard_Snow_Right_3', format=5, channels=2, frequency=48000, lengthbytes=11648, lengthpcm=50400, pcmblocksize=0, loopstart=0, loopend=0, mode=0x00000000, channelmask=0x00000000, channelorder=0, peakvolume=0.354288.
[LOG] SystemI::createSoundInternal             : Create name='', mode=0x02000202
[LOG] SystemI::createSoundInternal             : exinfo->cbsize             = 224
[LOG] SystemI::createSoundInternal             : exinfo->length             = 23083168
[LOG] SystemI::createSoundInternal             : exinfo->fileoffset         = 146560
[LOG] SystemI::createSoundInternal             : exinfo->numsubsounds       = 1
[LOG] SystemI::createSoundInternal             : exinfo->inclusionlist      = 0x35cdda7f4
[LOG] SystemI::createSoundInternal             : exinfo->inclusionlistnum   = 1
[LOG] SystemI::createSoundInternal             : exinfo->suggestedsoundtype = 5
[LOG] SystemI::createSoundInternal             : exinfo->useropen           = 0x3d1defb30
[LOG] SystemI::createSoundInternal             : exinfo->userclose          = 0x3d1defc00
[LOG] SystemI::createSoundInternal             : exinfo->userread           = 0x3d1defc3c
[LOG] SystemI::createSoundInternal             : exinfo->userseek           = 0x3d1defd0c
[LOG] SystemI::createSoundInternal             : exinfo->fileuserdata       = 0x3d7f4d4f8
[LOG] SystemI::createSoundInternal             : exinfo->initialseekpostype = 1
[LOG] SystemI::DSPCodecPoolRegister            : register codec pool for pool type 5
[LOG] SystemI::createSoundInternal             : Sample 0/1: name='BP_SFX_Footstep_Hard_Snow_Left_5', format=5, channels=2, frequency=48000, lengthbytes=9952, lengthpcm=38400, pcmblocksize=0, loopstart=0, loopend=0, mode=0x00000000, channelmask=0x00000000, channelorder=0, peakvolume=0.494925.
[LOG] SystemI::createSoundInternal             : Create name='', mode=0x02000202
[LOG] SystemI::createSoundInternal             : exinfo->cbsize             = 224
[LOG] SystemI::createSoundInternal             : exinfo->length             = 23083168
[LOG] SystemI::createSoundInternal             : exinfo->fileoffset         = 146560
[LOG] SystemI::createSoundInternal             : exinfo->numsubsounds       = 1
[LOG] SystemI::createSoundInternal             : exinfo->inclusionlist      = 0x35cdda7f4
[LOG] SystemI::createSoundInternal             : exinfo->inclusionlistnum   = 1
[LOG] SystemI::createSoundInternal             : exinfo->suggestedsoundtype = 5
[LOG] SystemI::createSoundInternal             : exinfo->useropen           = 0x3d1defb30
[LOG] SystemI::createSoundInternal             : exinfo->userclose          = 0x3d1defc00
[LOG] SystemI::createSoundInternal             : exinfo->userread           = 0x3d1defc3c
[LOG] SystemI::createSoundInternal             : exinfo->userseek           = 0x3d1defd0c
[LOG] SystemI::createSoundInternal             : exinfo->fileuserdata       = 0x3c997cf58
[LOG] SystemI::createSoundInternal             : exinfo->initialseekpostype = 1
[LOG] SystemI::DSPCodecPoolRegister            : register codec pool for pool type 5
[LOG] SystemI::createSoundInternal             : Sample 0/1: name='BP_SFX_Footstep_Hard_Snow_Left_6', format=5, channels=2, frequency=48000, lengthbytes=8832, lengthpcm=34800, pcmblocksize=0, loopstart=0, loopend=0, mode=0x00000000, channelmask=0x00000000, channelorder=0, peakvolume=0.368752.
[LOG] SystemI::createSoundInternal             : Create name='', mode=0x02000202
[LOG] SystemI::createSoundInternal             : exinfo->cbsize             = 224
[LOG] SystemI::createSoundInternal             : exinfo->length             = 23083168
[LOG] SystemI::createSoundInternal             : exinfo->fileoffset         = 146560
[LOG] SystemI::createSoundInternal             : exinfo->numsubsounds       = 1
[LOG] SystemI::createSoundInternal             : exinfo->inclusionlist      = 0x35cdda7f4
[LOG] SystemI::createSoundInternal             : exinfo->inclusionlistnum   = 1
[LOG] SystemI::createSoundInternal             : exinfo->suggestedsoundtype = 5
[LOG] SystemI::createSoundInternal             : exinfo->useropen           = 0x3d1defb30
[LOG] SystemI::createSoundInternal             : exinfo->userclose          = 0x3d1defc00
[LOG] SystemI::createSoundInternal             : exinfo->userread           = 0x3d1defc3c
[LOG] SystemI::createSoundInternal             : exinfo->userseek           = 0x3d1defd0c
[LOG] SystemI::createSoundInternal             : exinfo->fileuserdata       = 0x11a64c708
[LOG] SystemI::createSoundInternal             : exinfo->initialseekpostype = 1
[LOG] SystemI::DSPCodecPoolRegister            : register codec pool for pool type 5
[LOG] SystemI::createSoundInternal             : Sample 0/1: name='BP_SFX_Footstep_Hard_Snow_Right_4', format=5, channels=2, frequency=48000, lengthbytes=11424, lengthpcm=44400, pcmblocksize=0, loopstart=0, loopend=0, mode=0x00000000, channelmask=0x00000000, channelorder=0, peakvolume=0.378666.
[LOG] SystemI::createSoundInternal             : Create name='', mode=0x02000202
[LOG] SystemI::createSoundInternal             : exinfo->cbsize             = 224
[LOG] SystemI::createSoundInternal             : exinfo->length             = 23083168
[LOG] SystemI::createSoundInternal             : exinfo->fileoffset         = 146560
[LOG] SystemI::createSoundInternal             : exinfo->numsubsounds       = 1
[LOG] SystemI::createSoundInternal             : exinfo->inclusionlist      = 0x35cdda7f4
[LOG] SystemI::createSoundInternal             : exinfo->inclusionlistnum   = 1
[LOG] SystemI::createSoundInternal             : exinfo->suggestedsoundtype = 5
[LOG] SystemI::createSoundInternal             : exinfo->useropen           = 0x3d1defb30
[LOG] SystemI::createSoundInternal             : exinfo->userclose          = 0x3d1defc00
[LOG] SystemI::createSoundInternal             : exinfo->userread           = 0x3d1defc3c
[LOG] SystemI::createSoundInternal             : exinfo->userseek           = 0x3d1defd0c
[LOG] SystemI::createSoundInternal             : exinfo->fileuserdata       = 0x3ea3a2978
[LOG] SystemI::createSoundInternal             : exinfo->initialseekpostype = 1
[LOG] SystemI::DSPCodecPoolRegister            : register codec pool for pool type 5
[LOG] SystemI::createSoundInternal             : Sample 0/1: name='BP_SFX_Footstep_Hard_Snow_Left_7', format=5, channels=2, frequency=48000, lengthbytes=11072, lengthpcm=42000, pcmblocksize=0, loopstart=0, loopend=0, mode=0x00000000, channelmask=0x00000000, channelorder=0, peakvolume=0.387939.
[LOG] SystemI::createSoundInternal             : Create name='', mode=0x02000202
[LOG] SystemI::createSoundInternal             : exinfo->cbsize             = 224
[LOG] SystemI::createSoundInternal             : exinfo->length             = 23083168
[LOG] SystemI::createSoundInternal             : exinfo->fileoffset         = 146560
[LOG] SystemI::createSoundInternal             : exinfo->numsubsounds       = 1
[LOG] SystemI::createSoundInternal             : exinfo->inclusionlist      = 0x35cdda7f4
[LOG] SystemI::createSoundInternal             : exinfo->inclusionlistnum   = 1
[LOG] SystemI::createSoundInternal             : exinfo->suggestedsoundtype = 5
[LOG] SystemI::createSoundInternal             : exinfo->useropen           = 0x3d1defb30
[LOG] SystemI::createSoundInternal             : exinfo->userclose          = 0x3d1defc00
[LOG] SystemI::createSoundInternal             : exinfo->userread           = 0x3d1defc3c
[LOG] SystemI::createSoundInternal             : exinfo->userseek           = 0x3d1defd0c
[LOG] SystemI::createSoundInternal             : exinfo->fileuserdata       = 0x3ea3a4ea8
[LOG] SystemI::createSoundInternal             : exinfo->initialseekpostype = 1
[LOG] SystemI::DSPCodecPoolRegister            : register codec pool for pool type 5
[LOG] SystemI::createSoundInternal             : Sample 0/1: name='BP_SFX_Footstep_Hard_Snow_Right_5', format=5, channels=2, frequency=48000, lengthbytes=10752, lengthpcm=43200, pcmblocksize=0, loopstart=0, loopend=0, mode=0x00000000, channelmask=0x00000000, channelorder=0, peakvolume=0.230112.
[LOG] SystemI::createSoundInternal             : Create name='', mode=0x02000202
[LOG] SystemI::createSoundInternal             : exinfo->cbsize             = 224
[LOG] SystemI::createSoundInternal             : exinfo->length             = 23083168
[LOG] SystemI::createSoundInternal             : exinfo->fileoffset         = 146560
[LOG] SystemI::createSoundInternal             : exinfo->numsubsounds       = 1
[LOG] SystemI::createSoundInternal             : exinfo->inclusionlist      = 0x35cdda7f4
[LOG] SystemI::createSoundInternal             : exinfo->inclusionlistnum   = 1
[LOG] SystemI::createSoundInternal             : exinfo->suggestedsoundtype = 5
[LOG] SystemI::createSoundInternal             : exinfo->useropen           = 0x3d1defb30
[LOG] SystemI::createSoundInternal             : exinfo->userclose          = 0x3d1defc00
[LOG] SystemI::createSoundInternal             : exinfo->userread           = 0x3d1defc3c
[LOG] SystemI::createSoundInternal             : exinfo->userseek           = 0x3d1defd0c
[LOG] SystemI::createSoundInternal             : exinfo->fileuserdata       = 0x3ea39de58
[LOG] SystemI::createSoundInternal             : exinfo->initialseekpostype = 1
[LOG] SystemI::DSPCodecPoolRegister            : register codec pool for pool type 5
[LOG] SystemI::createSoundInternal             : Sample 0/1: name='BP_SFX_Footstep_Hard_Snow_Left_8', format=5, channels=2, frequency=48000, lengthbytes=11456, lengthpcm=48000, pcmblocksize=0, loopstart=0, loopend=0, mode=0x00000000, channelmask=0x00000000, channelorder=0, peakvolume=0.531927.
[LOG] SystemI::createSoundInternal             : Create name='', mode=0x02000202
[LOG] SystemI::createSoundInternal             : exinfo->cbsize             = 224
[LOG] SystemI::createSoundInternal             : exinfo->length             = 23083168
[LOG] SystemI::createSoundInternal             : exinfo->fileoffset         = 146560
[LOG] SystemI::createSoundInternal             : exinfo->numsubsounds       = 1
[LOG] SystemI::createSoundInternal             : exinfo->inclusionlist      = 0x35cdda7f4
[LOG] SystemI::createSoundInternal             : exinfo->inclusionlistnum   = 1
[LOG] SystemI::createSoundInternal             : exinfo->suggestedsoundtype = 5
[LOG] SystemI::createSoundInternal             : exinfo->useropen           = 0x3d1defb30
[LOG] SystemI::createSoundInternal             : exinfo->userclose          = 0x3d1defc00
[LOG] SystemI::createSoundInternal             : exinfo->userread           = 0x3d1defc3c
[LOG] SystemI::createSoundInternal             : exinfo->userseek           = 0x3d1defd0c
[LOG] SystemI::createSoundInternal             : exinfo->fileuserdata       = 0x11a64c708
[LOG] SystemI::createSoundInternal             : exinfo->initialseekpostype = 1
[LOG] SystemI::DSPCodecPoolRegister            : register codec pool for pool type 5
[LOG] SystemI::createSoundInternal             : Sample 0/1: name='BP_SFX_Footstep_Hard_Snow_Left_9', format=5, channels=2, frequency=48000, lengthbytes=8992, lengthpcm=36000, pcmblocksize=0, loopstart=0, loopend=0, mode=0x00000000, channelmask=0x00000000, channelorder=0, peakvolume=0.149648.
[LOG] SystemI::createSoundInternal             : Create name='', mode=0x02000202
[LOG] SystemI::createSoundInternal             : exinfo->cbsize             = 224
[LOG] SystemI::createSoundInternal             : exinfo->length             = 23083168
[LOG] SystemI::createSoundInternal             : exinfo->fileoffset         = 146560
[LOG] SystemI::createSoundInternal             : exinfo->numsubsounds       = 1
[LOG] SystemI::createSoundInternal             : exinfo->inclusionlist      = 0x35cdda7f4
[LOG] SystemI::createSoundInternal             : exinfo->inclusionlistnum   = 1
[LOG] SystemI::createSoundInternal             : exinfo->suggestedsoundtype = 5
[LOG] SystemI::createSoundInternal             : exinfo->useropen           = 0x3d1defb30
[LOG] SystemI::createSoundInternal             : exinfo->userclose          = 0x3d1defc00
[LOG] SystemI::createSoundInternal             : exinfo->userread           = 0x3d1defc3c
[LOG] SystemI::createSoundInternal             : exinfo->userseek           = 0x3d1defd0c
[LOG] SystemI::createSoundInternal             : exinfo->fileuserdata       = 0x3d7f40018
[LOG] SystemI::createSoundInternal             : exinfo->initialseekpostype = 1
[LOG] SystemI::DSPCodecPoolRegister            : register codec pool for pool type 5
[LOG] SystemI::createSoundInternal             : Sample 0/1: name='LowPitch-20', format=5, channels=1, frequency=48000, lengthbytes=2336, lengthpcm=13096, pcmblocksize=0, loopstart=0, loopend=0, mode=0x00000000, channelmask=0x00000000, channelorder=0, peakvolume=0.054871.
[LOG] SystemI::createSoundInternal             : Create name='', mode=0x02000202
[LOG] SystemI::createSoundInternal             : exinfo->cbsize             = 224
[LOG] SystemI::createSoundInternal             : exinfo->length             = 23083168
[LOG] SystemI::createSoundInternal             : exinfo->fileoffset         = 146560
[LOG] SystemI::createSoundInternal             : exinfo->numsubsounds       = 1
[LOG] SystemI::createSoundInternal             : exinfo->inclusionlist      = 0x35cdda7f4
[LOG] SystemI::createSoundInternal             : exinfo->inclusionlistnum   = 1
[LOG] SystemI::createSoundInternal             : exinfo->suggestedsoundtype = 5
[LOG] SystemI::createSoundInternal             : exinfo->useropen           = 0x3d1defb30
[LOG] SystemI::createSoundInternal             : exinfo->userclose          = 0x3d1defc00
[LOG] SystemI::createSoundInternal             : exinfo->userread           = 0x3d1defc3c
[LOG] SystemI::createSoundInternal             : exinfo->userseek           = 0x3d1defd0c
[LOG] SystemI::createSoundInternal             : exinfo->fileuserdata       = 0x3ea395478
[LOG] SystemI::createSoundInternal             : exinfo->initialseekpostype = 1
[LOG] SystemI::DSPCodecPoolRegister            : register codec pool for pool type 5
[LOG] SystemI::createSoundInternal             : Sample 0/1: name='LowPitch-19', format=5, channels=1, frequency=48000, lengthbytes=2080, lengthpcm=13059, pcmblocksize=0, loopstart=0, loopend=0, mode=0x00000000, channelmask=0x00000000, channelorder=0, peakvolume=0.128265.
[LOG] SystemI::createSoundInternal             : Create name='', mode=0x02000202
[LOG] SystemI::createSoundInternal             : exinfo->cbsize             = 224
[LOG] SystemI::createSoundInternal             : exinfo->length             = 23083168
[LOG] SystemI::createSoundInternal             : exinfo->fileoffset         = 146560
[LOG] SystemI::createSoundInternal             : exinfo->numsubsounds       = 1
[LOG] SystemI::createSoundInternal             : exinfo->inclusionlist      = 0x35cdda7f4
[LOG] SystemI::createSoundInternal             : exinfo->inclusionlistnum   = 1
[LOG] SystemI::createSoundInternal             : exinfo->suggestedsoundtype = 5
[LOG] SystemI::createSoundInternal             : exinfo->useropen           = 0x3d1defb30
[LOG] SystemI::createSoundInternal             : exinfo->userclose          = 0x3d1defc00
[LOG] SystemI::createSoundInternal             : exinfo->userread           = 0x3d1defc3c
[LOG] SystemI::createSoundInternal             : exinfo->userseek           = 0x3d1defd0c
[LOG] SystemI::createSoundInternal             : exinfo->fileuserdata       = 0x3ea39b478
[LOG] SystemI::createSoundInternal             : exinfo->initialseekpostype = 1
[LOG] SystemI::DSPCodecPoolRegister            : register codec pool for pool type 5
[LOG] SystemI::createSoundInternal             : Sample 0/1: name='BP_SFX_Footstep_Hard_Snow_Right_6', format=5, channels=2, frequency=48000, lengthbytes=9824, lengthpcm=43200, pcmblocksize=0, loopstart=0, loopend=0, mode=0x00000000, channelmask=0x00000000, channelorder=0, peakvolume=0.160287.
[LOG] SystemI::createSoundInternal             : Create name='', mode=0x02000202
[LOG] SystemI::createSoundInternal             : exinfo->cbsize             = 224
[LOG] SystemI::createSoundInternal             : exinfo->length             = 23083168
[LOG] SystemI::createSoundInternal             : exinfo->fileoffset         = 146560
[LOG] SystemI::createSoundInternal             : exinfo->numsubsounds       = 1
[LOG] SystemI::createSoundInternal             : exinfo->inclusionlist      = 0x35cdda7f4
[LOG] SystemI::createSoundInternal             : exinfo->inclusionlistnum   = 1
[LOG] SystemI::createSoundInternal             : exinfo->suggestedsoundtype = 5
[LOG] SystemI::createSoundInternal             : exinfo->useropen           = 0x3d1defb30
[LOG] SystemI::createSoundInternal             : exinfo->userclose          = 0x3d1defc00
[LOG] SystemI::createSoundInternal             : exinfo->userread           = 0x3d1defc3c
[LOG] SystemI::createSoundInternal             : exinfo->userseek           = 0x3d1defd0c
[LOG] SystemI::createSoundInternal             : exinfo->fileuserdata       = 0x3ea39c1a8
[LOG] SystemI::createSoundInternal             : exinfo->initialseekpostype = 1
[LOG] SystemI::DSPCodecPoolRegister            : register codec pool for pool type 5
[LOG] SystemI::createSoundInternal             : Sample 0/1: name='LowPitch-14', format=5, channels=1, frequency=48000, lengthbytes=1888, lengthpcm=12538, pcmblocksize=0, loopstart=0, loopend=0, mode=0x00000000, channelmask=0x00000000, channelorder=0, peakvolume=0.132019.
[LOG] SystemI::createSoundInternal             : Create name='', mode=0x02000202
[LOG] SystemI::createSoundInternal             : exinfo->cbsize             = 224
[LOG] SystemI::createSoundInternal             : exinfo->length             = 23083168
[LOG] SystemI::createSoundInternal             : exinfo->fileoffset         = 146560
[LOG] SystemI::createSoundInternal             : exinfo->numsubsounds       = 1
[LOG] SystemI::createSoundInternal             : exinfo->inclusionlist      = 0x35cdda7f4
[LOG] SystemI::createSoundInternal             : exinfo->inclusionlistnum   = 1
[LOG] SystemI::createSoundInternal             : exinfo->suggestedsoundtype = 5
[LOG] SystemI::createSoundInternal             : exinfo->useropen           = 0x3d1defb30
[LOG] SystemI::createSoundInternal             : exinfo->userclose          = 0x3d1defc00
[LOG] SystemI::createSoundInternal             : exinfo->userread           = 0x3d1defc3c
[LOG] SystemI::createSoundInternal             : exinfo->userseek           = 0x3d1defd0c
[LOG] SystemI::createSoundInternal             : exinfo->fileuserdata       = 0x3ea396dd8
[LOG] SystemI::createSoundInternal             : exinfo->initialseekpostype = 1
[LOG] SystemI::DSPCodecPoolRegister            : register codec pool for pool type 5
[LOG] SystemI::createSoundInternal             : Sample 0/1: name='BP_SFX_Footstep_Hard_Snow_Left_10', format=5, channels=2, frequency=48000, lengthbytes=10080, lengthpcm=43200, pcmblocksize=0, loopstart=0, loopend=0, mode=0x00000000, channelmask=0x00000000, channelorder=0, peakvolume=0.203066.
[LOG] SystemI::createSoundInternal             : Create name='', mode=0x02000202
[LOG] SystemI::createSoundInternal             : exinfo->cbsize             = 224
[LOG] SystemI::createSoundInternal             : exinfo->length             = 23083168
[LOG] SystemI::createSoundInternal             : exinfo->fileoffset         = 146560
[LOG] SystemI::createSoundInternal             : exinfo->numsubsounds       = 1
[LOG] SystemI::createSoundInternal             : exinfo->inclusionlist      = 0x35cdda7f4
[LOG] SystemI::createSoundInternal             : exinfo->inclusionlistnum   = 1
[LOG] SystemI::createSoundInternal             : exinfo->suggestedsoundtype = 5
[LOG] SystemI::createSoundInternal             : exinfo->useropen           = 0x3d1defb30
[LOG] SystemI::createSoundInternal             : exinfo->userclose          = 0x3d1defc00
[LOG] SystemI::createSoundInternal             : exinfo->userread           = 0x3d1defc3c
[LOG] SystemI::createSoundInternal             : exinfo->userseek           = 0x3d1defd0c
[LOG] SystemI::createSoundInternal             : exinfo->fileuserdata       = 0x11fde0c88
[LOG] SystemI::createSoundInternal             : exinfo->initialseekpostype = 1
[LOG] SystemI::DSPCodecPoolRegister            : register codec pool for pool type 5
[LOG] SystemI::createSoundInternal             : Sample 0/1: name='BP_SFX_Footstep_Hard_Snow_Right_7', format=5, channels=2, frequency=48000, lengthbytes=11136, lengthpcm=43200, pcmblocksize=0, loopstart=0, loopend=0, mode=0x00000000, channelmask=0x00000000, channelorder=0, peakvolume=0.099949.
[LOG] SystemI::createSoundInternal             : Create name='', mode=0x02000202
[LOG] SystemI::createSoundInternal             : exinfo->cbsize             = 224
[LOG] SystemI::createSoundInternal             : exinfo->length             = 23083168
[LOG] SystemI::createSoundInternal             : exinfo->fileoffset         = 146560
[LOG] SystemI::createSoundInternal             : exinfo->numsubsounds       = 1
[LOG] SystemI::createSoundInternal             : exinfo->inclusionlist      = 0x35cdda7f4
[LOG] SystemI::createSoundInternal             : exinfo->inclusionlistnum   = 1
[LOG] SystemI::createSoundInternal             : exinfo->suggestedsoundtype = 5
[LOG] SystemI::createSoundInternal             : exinfo->useropen           = 0x3d1defb30
[LOG] SystemI::createSoundInternal             : exinfo->userclose          = 0x3d1defc00
[LOG] SystemI::createSoundInternal             : exinfo->userread           = 0x3d1defc3c
[LOG] SystemI::createSoundInternal             : exinfo->userseek           = 0x3d1defd0c
[LOG] SystemI::createSoundInternal             : exinfo->fileuserdata       = 0x3ea37ec38
[LOG] SystemI::createSoundInternal             : exinfo->initialseekpostype = 1
[LOG] SystemI::DSPCodecPoolRegister            : register codec pool for pool type 5
[LOG] SystemI::createSoundInternal             : Sample 0/1: name='BP_SFX_Footstep_Hard_Snow_Right_8', format=5, channels=2, frequency=48000, lengthbytes=10432, lengthpcm=44400, pcmblocksize=0, loopstart=0, loopend=0, mode=0x00000000, channelmask=0x00000000, channelorder=0, peakvolume=0.108156.
[LOG] SystemI::createSoundInternal             : Create name='', mode=0x02000202
[LOG] SystemI::createSoundInternal             : exinfo->cbsize             = 224
[LOG] SystemI::createSoundInternal             : exinfo->length             = 23083168
[LOG] SystemI::createSoundInternal             : exinfo->fileoffset         = 146560
[LOG] SystemI::createSoundInternal             : exinfo->numsubsounds       = 1
[LOG] SystemI::createSoundInternal             : exinfo->inclusionlist      = 0x35cdda7f4
[LOG] SystemI::createSoundInternal             : exinfo->inclusionlistnum   = 1
[LOG] SystemI::createSoundInternal             : exinfo->suggestedsoundtype = 5
[LOG] SystemI::createSoundInternal             : exinfo->useropen           = 0x3d1defb30
[LOG] SystemI::createSoundInternal             : exinfo->userclose          = 0x3d1defc00
[LOG] SystemI::createSoundInternal             : exinfo->userread           = 0x3d1defc3c
[LOG] SystemI::createSoundInternal             : exinfo->userseek           = 0x3d1defd0c
[LOG] SystemI::createSoundInternal             : exinfo->fileuserdata       = 0x11a84caa8
[LOG] SystemI::createSoundInternal             : exinfo->initialseekpostype = 1
[LOG] SystemI::DSPCodecPoolRegister            : register codec pool for pool type 5
[LOG] SystemI::createSoundInternal             : Sample 0/1: name='HighPitch-20', format=5, channels=1, frequency=48000, lengthbytes=2336, lengthpcm=13096, pcmblocksize=0, loopstart=0, loopend=0, mode=0x00000000, channelmask=0x00000000, channelorder=0, peakvolume=0.056702.
[LOG] SystemI::createSoundInternal             : Create name='', mode=0x02000202
[LOG] SystemI::createSoundInternal             : exinfo->cbsize             = 224
[LOG] SystemI::createSoundInternal             : exinfo->length             = 23083168
[LOG] SystemI::createSoundInternal             : exinfo->fileoffset         = 146560
[LOG] SystemI::createSoundInternal             : exinfo->numsubsounds       = 1
[LOG] SystemI::createSoundInternal             : exinfo->inclusionlist      = 0x35cdda7f4
[LOG] SystemI::createSoundInternal             : exinfo->inclusionlistnum   = 1
[LOG] SystemI::createSoundInternal             : exinfo->suggestedsoundtype = 5
[LOG] SystemI::createSoundInternal             : exinfo->useropen           = 0x3d1defb30
[LOG] SystemI::createSoundInternal             : exinfo->userclose          = 0x3d1defc00
[LOG] SystemI::createSoundInternal             : exinfo->userread           = 0x3d1defc3c
[LOG] SystemI::createSoundInternal             : exinfo->userseek           = 0x3d1defd0c
[LOG] SystemI::createSoundInternal             : exinfo->fileuserdata       = 0x11fdfed18
[LOG] SystemI::createSoundInternal             : exinfo->initialseekpostype = 1
[LOG] SystemI::DSPCodecPoolRegister            : register codec pool for pool type 5
[LOG] SystemI::createSoundInternal             : Sample 0/1: name='HighPitch-19', format=5, channels=1, frequency=48000, lengthbytes=2272, lengthpcm=13059, pcmblocksize=0, loopstart=0, loopend=0, mode=0x00000000, channelmask=0x00000000, channelorder=0, peakvolume=0.057037.
[LOG] SystemI::createSoundInternal             : Create name='', mode=0x02000202
[LOG] SystemI::createSoundInternal             : exinfo->cbsize             = 224
[LOG] SystemI::createSoundInternal             : exinfo->length             = 23083168
[LOG] SystemI::createSoundInternal             : exinfo->fileoffset         = 146560
[LOG] SystemI::createSoundInternal             : exinfo->numsubsounds       = 1
[LOG] SystemI::createSoundInternal             : exinfo->inclusionlist      = 0x35cdda7f4
[LOG] SystemI::createSoundInternal             : exinfo->inclusionlistnum   = 1
[LOG] SystemI::createSoundInternal             : exinfo->suggestedsoundtype = 5
[LOG] SystemI::createSoundInternal             : exinfo->useropen           = 0x3d1defb30
[LOG] SystemI::createSoundInternal             : exinfo->userclose          = 0x3d1defc00
[LOG] SystemI::createSoundInternal             : exinfo->userread           = 0x3d1defc3c
[LOG] SystemI::createSoundInternal             : exinfo->userseek           = 0x3d1defd0c
[LOG] SystemI::createSoundInternal             : exinfo->fileuserdata       = 0x3c85e5e48
[LOG] SystemI::createSoundInternal             : exinfo->initialseekpostype = 1
[LOG] SystemI::DSPCodecPoolRegister            : register codec pool for pool type 5
[LOG] SystemI::createSoundInternal             : Sample 0/1: name='HighPitch-14', format=5, channels=1, frequency=48000, lengthbytes=1984, lengthpcm=12538, pcmblocksize=0, loopstart=0, loopend=0, mode=0x00000000, channelmask=0x00000000, channelorder=0, peakvolume=0.075714.
[LOG] SystemI::createSoundInternal             : Create name='', mode=0x02000202
[LOG] SystemI::createSoundInternal             : exinfo->cbsize             = 224
[LOG] SystemI::createSoundInternal             : exinfo->length             = 23083168
[LOG] SystemI::createSoundInternal             : exinfo->fileoffset         = 146560
[LOG] SystemI::createSoundInternal             : exinfo->numsubsounds       = 1
[LOG] SystemI::createSoundInternal             : exinfo->inclusionlist      = 0x35cdda7f4
[LOG] SystemI::createSoundInternal             : exinfo->inclusionlistnum   = 1
[LOG] SystemI::createSoundInternal             : exinfo->suggestedsoundtype = 5
[LOG] SystemI::createSoundInternal             : exinfo->useropen           = 0x3d1defb30
[LOG] SystemI::createSoundInternal             : exinfo->userclose          = 0x3d1defc00
[LOG] SystemI::createSoundInternal             : exinfo->userread           = 0x3d1defc3c
[LOG] SystemI::createSoundInternal             : exinfo->userseek           = 0x3d1defd0c
[LOG] SystemI::createSoundInternal             : exinfo->fileuserdata       = 0x3610b3af8
[LOG] SystemI::createSoundInternal             : exinfo->initialseekpostype = 1
[LOG] SystemI::DSPCodecPoolRegister            : register codec pool for pool type 5
[LOG] SystemI::createSoundInternal             : Sample 0/1: name='BP_SFX_Footstep_Hard_Snow_Right_9', format=5, channels=2, frequency=48000, lengthbytes=11488, lengthpcm=46800, pcmblocksize=0, loopstart=0, loopend=0, mode=0x00000000, channelmask=0x00000000, channelorder=0, peakvolume=0.137320.
[LOG] SystemI::createSoundInternal             : Create name='', mode=0x02000202
[LOG] SystemI::createSoundInternal             : exinfo->cbsize             = 224
[LOG] SystemI::createSoundInternal             : exinfo->length             = 23083168
[LOG] SystemI::createSoundInternal             : exinfo->fileoffset         = 146560
[LOG] SystemI::createSoundInternal             : exinfo->numsubsounds       = 1
[LOG] SystemI::createSoundInternal             : exinfo->inclusionlist      = 0x35cdda7f4
[LOG] SystemI::createSoundInternal             : exinfo->inclusionlistnum   = 1
[LOG] SystemI::createSoundInternal             : exinfo->suggestedsoundtype = 5
[LOG] SystemI::createSoundInternal             : exinfo->useropen           = 0x3d1defb30
[LOG] SystemI::createSoundInternal             : exinfo->userclose          = 0x3d1defc00
[LOG] SystemI::createSoundInternal             : exinfo->userread           = 0x3d1defc3c
[LOG] SystemI::createSoundInternal             : exinfo->userseek           = 0x3d1defd0c
[LOG] SystemI::createSoundInternal             : exinfo->fileuserdata       = 0x363297218
[LOG] SystemI::createSoundInternal             : exinfo->initialseekpostype = 1
[LOG] SystemI::DSPCodecPoolRegister            : register codec pool for pool type 5
[LOG] SystemI::createSoundInternal             : Sample 0/1: name='BP_SFX_Footstep_Hard_Snow_Right_10', format=5, channels=2, frequency=48000, lengthbytes=11200, lengthpcm=53665, pcmblocksize=0, loopstart=0, loopend=0, mode=0x00000000, channelmask=0x00000000, channelorder=0, peakvolume=0.216208.
[LOG] SystemI::createSound                     : filename = Assets/Resources/Breaking-Point-Audio-FMOD/Build/Desktop/Master.bank : mode 02010082
[LOG] SystemI::createSound                     : FMOD_NONBLOCKING specified.  Putting into queue to be opened asynchronously!
[LOG] AsyncThread::add                         : add sound to async queue : soundi = 0x3eb3e93c8, queue head = 0x3a9894d28, queue count = 0
[LOG] AsyncThread::threadFunc                  : Starting Asynchronous operation on sound 0x3eb3e93c8
[LOG] SystemI::createSoundInternal             :     Create name='Assets/Resources/Breaking-Point-Audio-FMOD/Build/Desktop/Master.bank', mode=0x02010082
[LOG] SystemI::createSoundInternal             :     exinfo->cbsize             = 224
[LOG] SystemI::createSoundInternal             :     exinfo->length             = 23083168
[LOG] SystemI::createSoundInternal             :     exinfo->fileoffset         = 146560
[LOG] SystemI::createSoundInternal             :     exinfo->numsubsounds       = 1
[LOG] SystemI::createSoundInternal             :     exinfo->inclusionlist      = 0x11a26ca30
[LOG] SystemI::createSoundInternal             :     exinfo->inclusionlistnum   = 1
[LOG] SystemI::createSoundInternal             :     exinfo->suggestedsoundtype = 5
[LOG] SystemI::createSoundInternal             :     exinfo->initialseekpostype = 1
[LOG] SystemI::createSound                     :     filename = Assets/Resources/Breaking-Point-Audio-FMOD/Build/Desktop/Master.bank : mode 02010082
[LOG] SystemI::createSound                     :     FMOD_NONBLOCKING specified.  Putting into queue to be opened asynchronously!
[LOG] AsyncThread::add                         :     add sound to async queue : soundi = 0x361048b48, queue head = 0x3a9894d28, queue count = 0
[LOG] SystemI::createSoundInternal             :     Stream 0/1: name='BP_BGM_OST_2_Fallen_Climber_'Tragedy'', format=5, channels=2, frequency=48000, lengthbytes=671136, lengthpcm=2645784, pcmblocksize=0, loopstart=0, loopend=0, mode=0x00000000, channelmask=0x00000000, channelorder=0, peakvolume=0.999885.
[LOG] AsyncThread::threadFunc                  : Finished Asynchronous operation on sound 0x3eb3e93c8
[LOG] AsyncThread::threadFunc                  : Starting Asynchronous operation on sound 0x361048b48
[LOG] SystemI::createSoundInternal             :     Create name='Assets/Resources/Breaking-Point-Audio-FMOD/Build/Desktop/Master.bank', mode=0x02010082
[LOG] SystemI::createSoundInternal             :     exinfo->cbsize             = 224
[LOG] SystemI::createSoundInternal             :     exinfo->length             = 23083168
[LOG] SystemI::createSoundInternal             :     exinfo->fileoffset         = 146560
[LOG] SystemI::createSoundInternal             :     exinfo->numsubsounds       = 1
[LOG] SystemI::createSoundInternal             :     exinfo->inclusionlist      = 0x361055760
[LOG] SystemI::createSoundInternal             :     exinfo->inclusionlistnum   = 1
[LOG] SystemI::createSoundInternal             :     exinfo->suggestedsoundtype = 5
[LOG] SystemI::createSoundInternal             :     exinfo->initialseekpostype = 1
[LOG] SystemI::createSoundInternal             :     Stream 0/1: name='BP_SFX_Arctic_Wind_Landscape_Whistle', format=5, channels=2, frequency=48000, lengthbytes=2325376, lengthpcm=10081280, pcmblocksize=0, loopstart=0, loopend=0, mode=0x00000000, channelmask=0x00000000, channelorder=0, peakvolume=0.532071.
[LOG] AsyncThread::threadFunc                  : Finished Asynchronous operation on sound 0x361048b48
[LOG] SoundI::release                          : BP_BGM_OST_1_Main_Menu_'Placidity' (0x3d17663c8)
[LOG] SoundI::release                          :     BP_BGM_OST_1_Main_Menu_'Placidity' (0x3d174eeb8)
[LOG] SoundI::release                          :     BP_BGM_OST_1_Main_Menu_'Placidity' (0x3d1760df8)
[LOG] SoundI::release                          : BP_BGM_OST_2_Fallen_Climber_'Tragedy' (0x3eb3e93c8)
[LOG] SoundI::release                          :     BP_BGM_OST_2_Fallen_Climber_'Tragedy' (0x3ea315e48)
[LOG] SoundI::release                          :     BP_BGM_OST_2_Fallen_Climber_'Tragedy' (0x3efc120c8)
[LOG] SystemI::createSound                     : filename = Assets/Resources/Breaking-Point-Audio-FMOD/Build/Desktop/Master.bank : mode 02010082
[LOG] SystemI::createSound                     : FMOD_NONBLOCKING specified.  Putting into queue to be opened asynchronously!
[LOG] AsyncThread::add                         : add sound to async queue : soundi = 0x36102daf8, queue head = 0x3a9894d28, queue count = 0
[LOG] AsyncThread::threadFunc                  : Starting Asynchronous operation on sound 0x36102daf8
[LOG] SystemI::createSoundInternal             :     Create name='Assets/Resources/Breaking-Point-Audio-FMOD/Build/Desktop/Master.bank', mode=0x02010082
[LOG] SystemI::createSoundInternal             :     exinfo->cbsize             = 224
[LOG] SystemI::createSoundInternal             :     exinfo->length             = 23083168
[LOG] SystemI::createSoundInternal             :     exinfo->fileoffset         = 146560
[LOG] SystemI::createSoundInternal             :     exinfo->numsubsounds       = 1
[LOG] SystemI::createSoundInternal             :     exinfo->inclusionlist      = 0x3efe1b220
[LOG] SystemI::createSoundInternal             :     exinfo->inclusionlistnum   = 1
[LOG] SystemI::createSoundInternal             :     exinfo->suggestedsoundtype = 5
[LOG] SystemI::createSoundInternal             :     exinfo->initialseekpostype = 1
[LOG] SystemI::createSoundInternal             :     Stream 0/1: name='BP_BGM_OST_2_Fallen_Climber_'Tragedy'', format=5, channels=2, frequency=48000, lengthbytes=671136, lengthpcm=2645784, pcmblocksize=0, loopstart=0, loopend=0, mode=0x00000000, channelmask=0x00000000, channelorder=0, peakvolume=0.999885.
[LOG] AsyncThread::threadFunc                  : Finished Asynchronous operation on sound 0x36102daf8
[LOG] SoundI::release                          : BP_SFX_Arctic_Wind_Landscape_Whistle (0x361048b48)
[LOG] SoundI::release                          :     BP_SFX_Arctic_Wind_Landscape_Whistle (0x3632971f8)
[LOG] SoundI::release                          :     BP_SFX_Arctic_Wind_Landscape_Whistle (0x3efc33338)
[LOG] SoundI::release                          : BP_BGM_OST_2_Fallen_Climber_'Tragedy' (0x36102daf8)
[LOG] SoundI::release                          :     BP_BGM_OST_2_Fallen_Climber_'Tragedy' (0x3d80b3888)
[LOG] SoundI::release                          :     BP_BGM_OST_2_Fallen_Climber_'Tragedy' (0x3d7f89718)
[LOG] SoundI::release                          :  (0x3d7f4e268)
[LOG] SoundI::release                          :     LowPitch-20 (0x3d7f23348)
[LOG] SoundI::release                          :  (0x3c852ed38)
[LOG] SoundI::release                          :     LowPitch-19 (0x3ea399538)
[LOG] SoundI::release                          :  (0x11a224e88)
[LOG] SoundI::release                          :     BP_SFX_Footstep_Hard_Snow_Left_9 (0x353cd8928)
[LOG] SoundI::release                          :  (0x3ea399178)
[LOG] SoundI::release                          :     BP_SFX_Footstep_Hard_Snow_Left_10 (0x3ea38b6a8)
[LOG] SoundI::release                          :  (0x11fda7528)
[LOG] SoundI::release                          :     BP_SFX_Footstep_Hard_Snow_Right_7 (0x404c7cfc8)
[LOG] SoundI::release                          :  (0x3ea3413d8)
[LOG] SoundI::release                          :     BP_SFX_Footstep_Hard_Snow_Left_1 (0x3ea3587c8)
[LOG] SoundI::release                          :  (0x3ea3a82f8)
[LOG] SoundI::release                          :     LowPitch-14 (0x3ea381898)
[LOG] SoundI::release                          :  (0x11a8dfe08)
[LOG] SoundI::release                          :     HighPitch-20 (0x11a809868)
[LOG] SoundI::release                          :  (0x11fdb4b88)
[LOG] SoundI::release                          :     HighPitch-19 (0x11fde9b78)
[LOG] SoundI::release                          :  (0x3ea37ea78)
[LOG] SoundI::release                          :     BP_SFX_Footstep_Hard_Snow_Right_8 (0x3ea3a0388)
[LOG] SoundI::release                          :  (0x3ea38fb68)
[LOG] SoundI::release                          :     HighPitch-14 (0x3d051fbf8)
[LOG] SoundI::release                          :  (0x3ea360558)
[LOG] SoundI::release                          :     BP_SFX_Footstep_Hard_Snow_Right_9 (0x11a64c708)
[LOG] SoundI::release                          :  (0x3ea384d48)
[LOG] SoundI::release                          :     BP_SFX_Footstep_Hard_Snow_Right_10 (0x3ea363128)
[LOG] SoundI::release                          :  (0x3d053c438)
[LOG] SoundI::release                          :     BP_SFX_Footstep_Hard_Snow_Left_2 (0x3cd815f88)
[LOG] SoundI::release                          :  (0x3d8881c48)
[LOG] SoundI::release                          :     BP_SFX_Footstep_Hard_Snow_Right_1 (0x3ea353c18)
[LOG] SoundI::release                          :  (0x3ea33b328)
[LOG] SoundI::release                          :     BP_SFX_Footstep_Hard_Snow_Left_3 (0x3ea380d78)
[LOG] SoundI::release                          :  (0x3ea30b6c8)
[LOG] SoundI::release                          :     BP_SFX_Footstep_Hard_Snow_Right_2 (0x3cd81c5a8)
[LOG] SoundI::release                          :  (0x3d7f3efb8)
[LOG] SoundI::release                          :     BP_SFX_Footstep_Hard_Snow_Left_4 (0x3d7f40708)
[LOG] SoundI::release                          :  (0x3ea38f518)
[LOG] SoundI::release                          :     BP_SFX_Footstep_Hard_Snow_Right_3 (0x3ea383de8)
[LOG] SoundI::release                          :  (0x3d7f4d848)
[LOG] SoundI::release                          :     BP_SFX_Footstep_Hard_Snow_Left_5 (0x3d7fc8b48)
[LOG] SoundI::release                          :  (0x3eacecb98)
[LOG] SoundI::release                          :     BP_SFX_Footstep_Hard_Snow_Right_4 (0x3610297c8)
[LOG] SoundI::release                          :  (0x3ea3a2c88)
[LOG] SoundI::release                          :     BP_SFX_Footstep_Hard_Snow_Right_5 (0x3ea3a5178)
[LOG] SoundI::release                          :  (0x404c0a578)
[LOG] SoundI::release                          :     BP_SFX_Footstep_Hard_Snow_Left_6 (0x404c19eb8)
[LOG] SoundI::release                          :  (0x3ea3a26f8)
[LOG] SoundI::release                          :     BP_SFX_Footstep_Hard_Snow_Left_7 (0x3ea3a36a8)
[LOG] SoundI::release                          :  (0x3ea392d08)
[LOG] SoundI::release                          :     BP_SFX_Footstep_Hard_Snow_Right_6 (0x3ea397b68)
[LOG] SoundI::release                          :  (0x3ea3ac3c8)
[LOG] SoundI::release                          :     BP_SFX_Footstep_Hard_Snow_Left_8 (0x3ea3ac538)
[LOG] Thread::callback                         : FMOD Studio update thread finished.
[LOG] Thread::callback                         : FMOD Studio bank load thread finished.
[LOG] Profile::disconnectAll                   : Profiler disconnecting all clients
[LOG] Thread::callback                         : FMOD Studio sample load thread finished.
[LOG] LiveUpdate::release                      : 
[LOG] LiveUpdate::reset                        : Reset connection (reason Disconnected)
[LOG] Thread::callback                         : FMOD stream thread finished.
[LOG] Thread::callback                         : FMOD mixer thread finished.
[LOG] Profile::disconnectAll                   : Profiler disconnecting all clients
[LOG] SystemI::close                           : Closed.
[LOG] Thread::callback                         : FMOD Studio bank load thread finished.
[LOG] Thread::callback                         : FMOD Studio sample load thread finished.
[LOG] LiveUpdate::release                      : 
[LOG] LiveUpdate::reset                        : Reset connection (reason Disconnected)
[LOG] Thread::callback                         : FMOD stream thread finished.
[LOG] Thread::callback                         : FMOD mixer thread finished.
[LOG] SystemI::close                           : Closed.
[LOG] Thread::callback                         : FMOD nonblocking thread (0) finished.
[LOG] Thread::callback                         : FMOD file thread finished.
